[    1609ms] [INFO] sending initial connect on N-JW2q0AqJV_ucsZAAAl @ http://localhost:3000/bundle.js:67846
[    1614ms] [INFO] initial connect received on N-JW2q0AqJV_ucsZAAAl @ http://localhost:3000/bundle.js:67841
[    1691ms] [WARNING] Could not find translation key for default value: "White" @ http://localhost:3000/bundle.js:56469
[    1712ms] [INFO] %cDownload the React DevTools for a better development experience: https://reactjs.org/link/react-devtools font-weight:bold @ http://localhost:3000/bundle.js:235627
[    1724ms] [WARNING] Could not find translation key for default value: "CyberVinci Icon" @ http://localhost:3000/bundle.js:56469
[    1734ms] [WARNING] Could not find translation key for default value: "White" @ http://localhost:3000/bundle.js:56469
[    1860ms] [WARNING] Could not find translation key for default value: "Low" @ http://localhost:3000/bundle.js:56469
[    1862ms] [WARNING] Could not find translation key for default value: "Medium" @ http://localhost:3000/bundle.js:56469
[    1862ms] [WARNING] Could not find translation key for default value: "High" @ http://localhost:3000/bundle.js:56469
[    1862ms] [WARNING] Could not find translation key for default value: "Low" @ http://localhost:3000/bundle.js:56469
[    1862ms] [WARNING] Could not find translation key for default value: "Medium" @ http://localhost:3000/bundle.js:56469
[    1862ms] [WARNING] Could not find translation key for default value: "High" @ http://localhost:3000/bundle.js:56469
[    1862ms] [WARNING] Could not find translation key for default value: "Low" @ http://localhost:3000/bundle.js:56469
[    1862ms] [WARNING] Could not find translation key for default value: "Medium" @ http://localhost:3000/bundle.js:56469
[    1862ms] [WARNING] Could not find translation key for default value: "High" @ http://localhost:3000/bundle.js:56469
[    2159ms] [WARNING] Could not find translation key for default value: "Author" @ http://localhost:3000/bundle.js:56469
[    2232ms] [WARNING] 2026-05-26T04:37:05.078Z root WARN Could not find translation key for default value: "Author" @ http://localhost:3000/bundle.js:192090
[    2893ms] [WARNING] 2026-05-26T04:37:05.739Z SkillService WARN Cannot watch skills directory 'C:\Users\Rodrigo\AppData\Local\Temp\cloud-ws-5fflzy\.prompts\skills': parent directory does not exist @ http://localhost:3000/bundle.js:192090
[    2916ms] [INFO] 2026-05-26T04:37:05.763Z SkillService INFO Watching parent directory 'C:\Users\Rodrigo\.theia' for skills folder creation @ http://localhost:3000/bundle.js:192090
[    3125ms] [WARNING] 2026-05-26T04:37:05.972Z root WARN Frontend CodexProviderLanguageModel.initialize took longer than the expected maximum 100 milliseconds: 957.2 ms [3.113 s since frontend page start] @ http://localhost:3000/bundle.js:192090
[    3182ms] [INFO] 2026-05-26T04:37:06.028Z root INFO Detected keyboard layout from browser API: US (PC) @ http://localhost:3000/bundle.js:192090
[    3247ms] [INFO] 2026-05-26T04:37:06.094Z root INFO [429a9b56-ef4d-49d6-97a0-069e12bfb373] Waiting for backend deployment: 19.0 ms [3.235 s since frontend page start] @ http://localhost:3000/bundle.js:192090
[    3257ms] [INFO] 2026-05-26T04:37:06.104Z root INFO Start frontend contributions: 1130.6 ms [3.240 s since frontend page start] @ http://localhost:3000/bundle.js:192090
[    3258ms] [INFO] 2026-05-26T04:37:06.104Z root INFO Changed application state from 'init' to 'started_contributions'. @ http://localhost:3000/bundle.js:192090
[    3262ms] [INFO] 2026-05-26T04:37:06.108Z root INFO Changed application state from 'started_contributions' to 'attached_shell'. @ http://localhost:3000/bundle.js:192090
[    3262ms] [INFO] 2026-05-26T04:37:06.108Z root INFO >>> Restoring the layout state... @ http://localhost:3000/bundle.js:192090
[    3426ms] [INFO] 2026-05-26T04:37:06.273Z root INFO <<< The layout has been successfully restored. @ http://localhost:3000/bundle.js:192090
[    3428ms] [INFO] 2026-05-26T04:37:06.274Z root INFO Initialize the workbench layout: 164.7 ms [3.414 s since frontend page start] @ http://localhost:3000/bundle.js:192090
[    3428ms] [INFO] 2026-05-26T04:37:06.275Z root INFO Changed application state from 'attached_shell' to 'initialized_layout'. @ http://localhost:3000/bundle.js:192090
[    3654ms] [WARNING] 2026-05-26T04:37:06.501Z root WARN Linked preference "workbench.colorCustomizations" not found. @ http://localhost:3000/bundle.js:192090
[    3654ms] [WARNING] 2026-05-26T04:37:06.501Z root WARN Linked preference "editor.experimental.preferTreeSitter" not found. @ http://localhost:3000/bundle.js:192090
[    3662ms] [INFO] 2026-05-26T04:37:06.509Z root INFO [429a9b56-ef4d-49d6-97a0-069e12bfb373] Loading plugin contributions @ http://localhost:3000/bundle.js:192090
[    4553ms] [INFO] 2026-05-26T04:37:07.399Z root INFO Replace loading indicator with ready workbench UI (animation): 1123.6 ms [4.541 s since frontend page start] @ http://localhost:3000/bundle.js:192090
[    4618ms] [INFO] 2026-05-26T04:37:07.464Z root INFO Changed application state from 'initialized_layout' to 'ready'. @ http://localhost:3000/bundle.js:192090
[    4635ms] [INFO] 2026-05-26T04:37:07.481Z root INFO All frontend contributions settled: 2431.4 ms [4.541 s since frontend page start] @ http://localhost:3000/bundle.js:192090
[    4644ms] [ERROR] Failed to load resource: the server responded with a status of 404 (Not Found) @ http://localhost:3000/fonts/inter-400.woff2:0
[    4644ms] [ERROR] Failed to load resource: the server responded with a status of 404 (Not Found) @ http://localhost:3000/fonts/inter-600.woff2:0
[    4644ms] [ERROR] Failed to load resource: the server responded with a status of 404 (Not Found) @ http://localhost:3000/fonts/inter-500.woff2:0
[    5094ms] [ERROR] Failed to load resource: the server responded with a status of 404 (Not Found) @ http://localhost:3000/fonts/inter-700.woff2:0
[    5095ms] [ERROR] Failed to load resource: the server responded with a status of 404 (Not Found) @ http://localhost:3000/fonts/inter-ext-400.woff2:0
[    5096ms] [ERROR] Failed to load resource: the server responded with a status of 404 (Not Found) @ http://localhost:3000/fonts/inter-ext-500.woff2:0
[    5388ms] [ERROR] Failed to load resource: the server responded with a status of 404 (Not Found) @ http://localhost:3000/fonts/inter-ext-700.woff2:0
[    5388ms] [ERROR] Failed to load resource: the server responded with a status of 404 (Not Found) @ http://localhost:3000/fonts/inter-ext-600.woff2:0
[    5389ms] [ERROR] Failed to load resource: the server responded with a status of 404 (Not Found) @ http://localhost:3000/fonts/noto-sans-sc-400.woff2:0
[    6442ms] [ERROR] Failed to load resource: the server responded with a status of 404 (Not Found) @ http://localhost:3000/fonts/noto-sans-sc-700.woff2:0
[    6442ms] [ERROR] Failed to load resource: the server responded with a status of 404 (Not Found) @ http://localhost:3000/fonts/noto-sans-sc-latin-400.woff2:0
[    6442ms] [ERROR] Failed to load resource: the server responded with a status of 404 (Not Found) @ http://localhost:3000/fonts/noto-sans-sc-latin-700.woff2:0
[    6443ms] [WARNING] 2026-05-26T04:37:09.290Z root WARN [FontManager] Native font access failed: User activation is required. @ http://localhost:3000/bundle.js:192090
[  120692ms] [INFO] 2026-05-26T04:39:03.538Z root INFO Changed application state from 'ready' to 'closing_window'. @ http://localhost:3000/bundle.js:192090
[  120692ms] [INFO] 2026-05-26T04:39:03.538Z root INFO >>> Storing the layout... @ http://localhost:3000/bundle.js:192090
[  120692ms] [INFO] 2026-05-26T04:39:03.538Z root INFO <<< The layout has been successfully stored. @ http://localhost:3000/bundle.js:192090
[  120692ms] [INFO] 2026-05-26T04:39:03.538Z root INFO >>> Stopping frontend contributions... @ http://localhost:3000/bundle.js:192090
[  120692ms] [INFO] 2026-05-26T04:39:03.538Z root INFO <<< All frontend contributions have been stopped. @ http://localhost:3000/bundle.js:192090
